=== SliTraNet 推論開始 ===
ROI設定: 左上(0.23, 0.13) 右下(0.97, 0.88)
使用デバイス: cuda
動画ファイル: D:\Work\cedec\「モンスターハンターワイルズ」のメッシュレットの描画パイプライン.mp4
結果出力先: D:\Work\cedec\「モンスターハンターワイルズ」のメッシュレットの描画パイプライン_results
動画解像度: 960x540
ROI設定: [220, 70, 711, 405] (x=220-931, y=70-475)
処理解像度: 256x144
モデルを読み込んでいます...
Stage 1 モデル読み込み完了
Stage 2 モデル読み込み完了
Stage 3 モデル読み込み完了
=== ROI可視化デバッグ開始 ===
デバッグ出力先: D:\Work\cedec\「モンスターハンターワイルズ」のメッシュレットの描画パイプライン_results\debug_roi
元フレーム形状: (540, 960, 3)
リサイズフレーム形状: (144, 256, 3)
ROI切り出し形状: (405, 711, 3)
リサイズROI切り出し形状: (108, 189, 3)
保存結果 フレーム0 (1/5): True, True, True
元フレーム形状: (540, 960, 3)
リサイズフレーム形状: (144, 256, 3)
ROI切り出し形状: (405, 711, 3)
リサイズROI切り出し形状: (108, 189, 3)
保存結果 フレーム25200 (2/5): True, True, True
元フレーム形状: (540, 960, 3)
リサイズフレーム形状: (144, 256, 3)
ROI切り出し形状: (405, 711, 3)
リサイズROI切り出し形状: (108, 189, 3)
保存結果 フレーム50400 (3/5): True, True, True
元フレーム形状: (540, 960, 3)
リサイズフレーム形状: (144, 256, 3)
ROI切り出し形状: (405, 711, 3)
リサイズROI切り出し形状: (108, 189, 3)
保存結果 フレーム75600 (4/5): True, True, True
元フレーム形状: (540, 960, 3)
リサイズフレーム形状: (144, 256, 3)
ROI切り出し形状: (405, 711, 3)
リサイズROI切り出し形状: (108, 189, 3)
保存結果 フレーム100799 (5/5): True, True, True
ROI可視化画像を保存しました: D:\Work\cedec\「モンスターハンターワイルズ」のメッシュレットの描画パイプライン_results\debug_roi
=== ROI可視化デバッグ完了 ===
推論を開始します...
Stage 1: 初期スライド遷移候補を検出中...
